<?xml version="1.0" encoding="UTF-8"?>
<testng-results ignored="2" total="3" passed="1" failed="0" skipped="0">
  <reporter-output>
  </reporter-output>
  <suite started-at="2022-07-05T12:45:12 IST" name="Default suite" finished-at="2022-07-05T12:46:17 IST" duration-ms="65403">
    <groups>
    </groups>
    <test started-at="2022-07-05T12:45:12 IST" name="Default test" finished-at="2022-07-05T12:46:17 IST" duration-ms="65403">
      <class name="testcases.CannedReply">
        <test-method is-config="true" signature="setUp()[pri:0, instance:testcases.CannedReply@1139b2f3]" started-at="2022-07-05T12:45:12 IST" name="setUp" finished-at="2022-07-05T12:45:27 IST" duration-ms="15386" status="PASS">
          <reporter-output>
          </reporter-output>
        </test-method> <!-- setUp -->
        <test-method is-config="true" signature="beforeMethod(java.lang.reflect.Method)[pri:0, instance:testcases.CannedReply@1139b2f3]" started-at="2022-07-05T12:45:27 IST" name="beforeMethod" finished-at="2022-07-05T12:45:27 IST" duration-ms="164" status="PASS">
          <params>
            <param index="0">
              <value>
                <![CDATA[public void testcases.CannedReply.AddCannedReply()]]>
              </value>
            </param>
          </params>
          <reporter-output>
          </reporter-output>
        </test-method> <!-- beforeMethod -->
        <test-method signature="AddCannedReply()[pri:2, instance:testcases.CannedReply@1139b2f3]" started-at="2022-07-05T12:45:27 IST" name="AddCannedReply" finished-at="2022-07-05T12:46:17 IST" duration-ms="49169" status="PASS">
          <reporter-output>
          </reporter-output>
        </test-method> <!-- AddCannedReply -->
        <test-method is-config="true" signature="reportWrapUp(org.testng.ITestResult,java.lang.reflect.Method)[pri:0, instance:testcases.CannedReply@1139b2f3]" started-at="2022-07-05T12:46:17 IST" name="reportWrapUp" finished-at="2022-07-05T12:46:17 IST" duration-ms="8" status="PASS">
          <params>
            <param index="0">
              <value>
                <![CDATA[[TestResult name=AddCannedReply status=SUCCESS method=CannedReply.AddCannedReply()[pri:2, instance:testcases.CannedReply@1139b2f3] output={null}]]]>
              </value>
            </param>
            <param index="1">
              <value>
                <![CDATA[public void testcases.CannedReply.AddCannedReply()]]>
              </value>
            </param>
          </params>
          <reporter-output>
          </reporter-output>
        </test-method> <!-- reportWrapUp -->
        <test-method is-config="true" signature="closeBrowser()[pri:0, instance:testcases.CannedReply@1139b2f3]" started-at="2022-07-05T12:46:17 IST" name="closeBrowser" finished-at="2022-07-05T12:46:17 IST" duration-ms="607" status="PASS">
          <reporter-output>
          </reporter-output>
        </test-method> <!-- closeBrowser -->
        <test-method is-config="true" signature="close()[pri:0, instance:testcases.CannedReply@1139b2f3]" started-at="2022-07-05T12:46:17 IST" name="close" finished-at="2022-07-05T12:46:18 IST" duration-ms="634" status="PASS">
          <reporter-output>
          </reporter-output>
        </test-method> <!-- close -->
      </class> <!-- testcases.CannedReply -->
    </test> <!-- Default test -->
  </suite> <!-- Default suite -->
</testng-results>
