<?xml version="1.0" encoding="UTF-8"?>
<testng-results ignored="0" total="3" passed="3" failed="0" skipped="0">
  <reporter-output>
  </reporter-output>
  <suite started-at="2022-07-20T10:05:31 IST" name="Default suite" finished-at="2022-07-20T10:08:58 IST" duration-ms="207360">
    <groups>
    </groups>
    <test started-at="2022-07-20T10:05:31 IST" name="Default test" finished-at="2022-07-20T10:08:58 IST" duration-ms="207360">
      <class name="testcases.CompanyHolidays">
        <test-method is-config="true" signature="setUp()[pri:0, instance:testcases.CompanyHolidays@5c30a9b0]" started-at="2022-07-20T10:05:31 IST" name="setUp" finished-at="2022-07-20T10:05:46 IST" duration-ms="14632" status="PASS">
          <reporter-output>
          </reporter-output>
        </test-method> <!-- setUp -->
        <test-method is-config="true" signature="beforeMethod(java.lang.reflect.Method)[pri:0, instance:testcases.CompanyHolidays@5c30a9b0]" started-at="2022-07-20T10:05:46 IST" name="beforeMethod" finished-at="2022-07-20T10:05:46 IST" duration-ms="110" status="PASS">
          <params>
            <param index="0">
              <value>
                <![CDATA[public void testcases.CompanyHolidays.ValidationCheck()]]>
              </value>
            </param>
          </params>
          <reporter-output>
          </reporter-output>
        </test-method> <!-- beforeMethod -->
        <test-method signature="ValidationCheck()[pri:1, instance:testcases.CompanyHolidays@5c30a9b0]" started-at="2022-07-20T10:05:46 IST" name="ValidationCheck" finished-at="2022-07-20T10:06:29 IST" duration-ms="43306" status="PASS">
          <reporter-output>
          </reporter-output>
        </test-method> <!-- ValidationCheck -->
        <test-method is-config="true" signature="reportWrapUp(org.testng.ITestResult,java.lang.reflect.Method)[pri:0, instance:testcases.CompanyHolidays@5c30a9b0]" started-at="2022-07-20T10:06:29 IST" name="reportWrapUp" finished-at="2022-07-20T10:06:29 IST" duration-ms="7" status="PASS">
          <params>
            <param index="0">
              <value>
                <![CDATA[[TestResult name=ValidationCheck status=SUCCESS method=CompanyHolidays.ValidationCheck()[pri:1, instance:testcases.CompanyHolidays@5c30a9b0] output={null}]]]>
              </value>
            </param>
            <param index="1">
              <value>
                <![CDATA[public void testcases.CompanyHolidays.ValidationCheck()]]>
              </value>
            </param>
          </params>
          <reporter-output>
          </reporter-output>
        </test-method> <!-- reportWrapUp -->
        <test-method is-config="true" signature="beforeMethod(java.lang.reflect.Method)[pri:0, instance:testcases.CompanyHolidays@5c30a9b0]" started-at="2022-07-20T10:06:29 IST" name="beforeMethod" finished-at="2022-07-20T10:06:29 IST" duration-ms="1" status="PASS">
          <params>
            <param index="0">
              <value>
                <![CDATA[public void testcases.CompanyHolidays.AddCompanyHolidayFullDay()]]>
              </value>
            </param>
          </params>
          <reporter-output>
          </reporter-output>
        </test-method> <!-- beforeMethod -->
        <test-method signature="AddCompanyHolidayFullDay()[pri:2, instance:testcases.CompanyHolidays@5c30a9b0]" started-at="2022-07-20T10:06:29 IST" name="AddCompanyHolidayFullDay" finished-at="2022-07-20T10:07:36 IST" duration-ms="66670" status="PASS">
          <reporter-output>
          </reporter-output>
        </test-method> <!-- AddCompanyHolidayFullDay -->
        <test-method is-config="true" signature="reportWrapUp(org.testng.ITestResult,java.lang.reflect.Method)[pri:0, instance:testcases.CompanyHolidays@5c30a9b0]" started-at="2022-07-20T10:07:36 IST" name="reportWrapUp" finished-at="2022-07-20T10:07:36 IST" duration-ms="1" status="PASS">
          <params>
            <param index="0">
              <value>
                <![CDATA[[TestResult name=AddCompanyHolidayFullDay status=SUCCESS method=CompanyHolidays.AddCompanyHolidayFullDay()[pri:2, instance:testcases.CompanyHolidays@5c30a9b0] output={null}]]]>
              </value>
            </param>
            <param index="1">
              <value>
                <![CDATA[public void testcases.CompanyHolidays.AddCompanyHolidayFullDay()]]>
              </value>
            </param>
          </params>
          <reporter-output>
          </reporter-output>
        </test-method> <!-- reportWrapUp -->
        <test-method is-config="true" signature="beforeMethod(java.lang.reflect.Method)[pri:0, instance:testcases.CompanyHolidays@5c30a9b0]" started-at="2022-07-20T10:07:36 IST" name="beforeMethod" finished-at="2022-07-20T10:07:36 IST" duration-ms="1" status="PASS">
          <params>
            <param index="0">
              <value>
                <![CDATA[public void testcases.CompanyHolidays.ActiveInactiveSearch()]]>
              </value>
            </param>
          </params>
          <reporter-output>
          </reporter-output>
        </test-method> <!-- beforeMethod -->
        <test-method signature="ActiveInactiveSearch()[pri:3, instance:testcases.CompanyHolidays@5c30a9b0]" started-at="2022-07-20T10:07:36 IST" name="ActiveInactiveSearch" finished-at="2022-07-20T10:08:58 IST" duration-ms="82083" status="PASS">
          <reporter-output>
          </reporter-output>
        </test-method> <!-- ActiveInactiveSearch -->
        <test-method is-config="true" signature="reportWrapUp(org.testng.ITestResult,java.lang.reflect.Method)[pri:0, instance:testcases.CompanyHolidays@5c30a9b0]" started-at="2022-07-20T10:08:58 IST" name="reportWrapUp" finished-at="2022-07-20T10:08:58 IST" duration-ms="5" status="PASS">
          <params>
            <param index="0">
              <value>
                <![CDATA[[TestResult name=ActiveInactiveSearch status=SUCCESS method=CompanyHolidays.ActiveInactiveSearch()[pri:3, instance:testcases.CompanyHolidays@5c30a9b0] output={null}]]]>
              </value>
            </param>
            <param index="1">
              <value>
                <![CDATA[public void testcases.CompanyHolidays.ActiveInactiveSearch()]]>
              </value>
            </param>
          </params>
          <reporter-output>
          </reporter-output>
        </test-method> <!-- reportWrapUp -->
        <test-method is-config="true" signature="closeBrowser()[pri:0, instance:testcases.CompanyHolidays@5c30a9b0]" started-at="2022-07-20T10:08:58 IST" name="closeBrowser" finished-at="2022-07-20T10:08:58 IST" duration-ms="441" status="PASS">
          <reporter-output>
          </reporter-output>
        </test-method> <!-- closeBrowser -->
        <test-method is-config="true" signature="close()[pri:0, instance:testcases.CompanyHolidays@5c30a9b0]" started-at="2022-07-20T10:08:58 IST" name="close" finished-at="2022-07-20T10:08:59 IST" duration-ms="528" status="PASS">
          <reporter-output>
          </reporter-output>
        </test-method> <!-- close -->
      </class> <!-- testcases.CompanyHolidays -->
    </test> <!-- Default test -->
  </suite> <!-- Default suite -->
</testng-results>
