<?xml version="1.0" encoding="UTF-8"?>
<!-- Generated by org.testng.reporters.JUnitXMLReporter -->
<testsuite ignored="2" hostname="COG-WIN-MAC04" failures="0" tests="1" name="Default test" time="65.403" errors="0" timestamp="2022-07-05T12:46:17 IST">
  <testcase classname="testcases.CannedReply" name="AddCannedReply" time="49.169"/>
  <testcase classname="testcases.CannedReply" name="ValidationCheck" time="0.0">
    <ignored/>
  </testcase> <!-- ValidationCheck -->
  <testcase classname="testcases.CannedReply" name="SearchActiveInactiveDeleteCannedReply" time="0.0">
    <ignored/>
  </testcase> <!-- SearchActiveInactiveDeleteCannedReply -->
</testsuite> <!-- Default test -->
