<?xml version="1.0" encoding="UTF-8"?>
<!-- Generated by org.testng.reporters.JUnitXMLReporter -->
<testsuite ignored="0" hostname="COG-WIN-MAC04" failures="0" tests="3" name="Default test" time="207.36" errors="0" timestamp="2022-07-20T10:08:58 IST">
  <testcase classname="testcases.CompanyHolidays" name="ValidationCheck" time="43.306"/>
  <testcase classname="testcases.CompanyHolidays" name="AddCompanyHolidayFullDay" time="66.67"/>
  <testcase classname="testcases.CompanyHolidays" name="ActiveInactiveSearch" time="82.083"/>
</testsuite> <!-- Default test -->
